<?xml version="1.0" encoding="UTF-8"?>
<Site BuildName="(empty)"
	BuildStamp="20230607-0809-Experimental"
	Name="anton20241host"
	Generator="ctest-3.16.3"
	CompilerName="/usr/bin/g++"
	CompilerVersion="9.4.0"
	OSName="Linux"
	Hostname="anton20241host"
	OSRelease="5.15.0-72-generic"
	OSVersion="#79~20.04.1-Ubuntu SMP Thu Apr 20 22:12:07 UTC 2023"
	OSPlatform="x86_64"
	Is64Bits="1"
	VendorString="GenuineIntel"
	VendorID="Intel Corporation"
	FamilyID="6"
	ModelID="154"
	ProcessorCacheSize="24576"
	NumberOfLogicalCPU="20"
	NumberOfPhysicalCPU="14"
	TotalVirtualMemory="2047"
	TotalPhysicalMemory="15708"
	LogicalProcessorsPerPhysical="1"
	ProcessorClockFrequency="3851.83"
	>
	<Testing>
		<StartDateTime>Jun 07 15:15 MSK</StartDateTime>
		<StartTestTime>1686140154</StartTestTime>
		<TestList/>
		<EndDateTime>Jun 07 15:15 MSK</EndDateTime>
		<EndTestTime>1686140154</EndTestTime>
		<ElapsedMinutes>0</ElapsedMinutes>
	</Testing>
</Site>
